<?xml version="1.0" encoding="UTF-8"?>
<!-- Generated by org.testng.reporters.JUnitReportReporter -->
<testsuite hostname="LAPTOP-KOS4MB62" failures="0" tests="2" name="webtest.loginTest" time="163.632" errors="0" timestamp="2023-07-10T15:22:30 IST" skipped="0">
  <testcase classname="webtest.loginTest" name="loginToYahoo" time="66.039"/>
  <testcase classname="webtest.loginTest" name="forgotPassword" time="97.593">
    <system-out>
      <![CDATA[Element is present
Element is present]]>
    </system-out>
  </testcase> <!-- forgotPassword -->
  <system-out>
    <![CDATA[Element is present
Element is present]]>
  </system-out>
</testsuite> <!-- webtest.loginTest -->
